<?xml version="1.0" encoding="UTF-8"?>
<!-- Generated by org.testng.reporters.JUnitXMLReporter -->
<testsuite ignored="0" hostname="DESKTOP-RSITP18" failures="0" tests="4" name="Test" time="0.213" errors="0" timestamp="2023-10-01T01:02:57 IST">
  <testcase classname="DemoProject.GroupDemo" name="TestA" time="0.023"/>
  <testcase classname="DemoProject.GroupDemo" name="TestB" time="0.003"/>
  <testcase classname="DemoProject.GroupDemo" name="TestC" time="0.014"/>
  <testcase classname="DemoProject.GroupDemo" name="Testsum" time="0.01"/>
</testsuite> <!-- Test -->
