<?xml version="1.0" encoding="UTF-8"?>
<testng-results ignored="0" total="1" passed="1" failed="0" skipped="0">
  <reporter-output>
  </reporter-output>
  <suite started-at="2023-10-11T01:25:56 IST" name="Default suite" finished-at="2023-10-11T01:26:39 IST" duration-ms="42881">
    <groups>
    </groups>
    <test started-at="2023-10-11T01:25:56 IST" name="Default test" finished-at="2023-10-11T01:26:39 IST" duration-ms="42881">
      <class name="DemoProject.VerifySignUp">
        <test-method signature="signUp()[pri:0, instance:DemoProject.VerifySignUp@6f1de4c7]" started-at="2023-10-11T01:25:56 IST" name="signUp" finished-at="2023-10-11T01:26:39 IST" duration-ms="42760" status="PASS">
          <reporter-output>
          </reporter-output>
        </test-method> <!-- signUp -->
      </class> <!-- DemoProject.VerifySignUp -->
    </test> <!-- Default test -->
  </suite> <!-- Default suite -->
</testng-results>
